2026-02-24 05:04:08 - Starting BTNG Phase 4: Continental Core Expansion
2026-02-24 05:04:09 - BROADCAST: Phase 4 Initiated - Deploying to 10 strategic nations for Critical Mass
2026-02-24 05:04:09 - BROADCAST: Target: 25/54 nations operational
2026-02-24 05:04:09 - Deploying sovereign node to Tanzania...
2026-02-24 05:05:14 - Failed to deploy node to Tanzania
2026-02-24 05:05:14 - BROADCAST: Tanzania: Deployment in progress - Will complete asynchronously
2026-02-24 05:05:17 - Deploying sovereign node to Rwanda...
2026-02-24 05:06:17 - Failed to deploy node to Rwanda
2026-02-24 05:06:17 - BROADCAST: Rwanda: Deployment in progress - Will complete asynchronously
2026-02-24 05:06:05 - Deploying sovereign node to Somalia...
2026-02-24 05:07:20 - Failed to deploy node to Somalia
2026-02-24 05:07:20 - BROADCAST: Somalia: Deployment in progress - Will complete asynchronously
2026-02-24 05:07:23 - Deploying sovereign node to Senegal...
2026-02-24 05:07:23 - Failed to deploy node to Senegal
2026-02-24 05:07:24 - BROADCAST: Senegal: Deployment in progress - Will complete asynchronously
2026-02-24 05:07:27 - Deploying sovereign node to Guinea...
2026-02-24 05:07:27 - Failed to deploy node to Guinea
2026-02-24 05:07:27 - BROADCAST: Guinea: Deployment in progress - Will complete asynchronously
2026-02-24 05:07:30 - Deploying sovereign node to Benin...
2026-02-24 05:07:30 - Failed to deploy node to Benin
2026-02-24 05:07:30 - BROADCAST: Benin: Deployment in progress - Will complete asynchronously
2026-02-24 05:07:34 - Deploying sovereign node to Botswana...
2026-02-24 05:07:35 - Failed to deploy node to Botswana
2026-02-24 05:07:35 - BROADCAST: Botswana: Deployment in progress - Will complete asynchronously
2026-02-24 05:07:39 - Deploying sovereign node to Malawi...
2026-02-24 05:08:30 - Failed to deploy node to Malawi
2026-02-24 05:08:30 - BROADCAST: Malawi: Deployment in progress - Will complete asynchronously
2026-02-24 05:08:33 - Deploying sovereign node to Zimbabwe...
